Arguments: 
  C:\Program Files\nodejs\node.exe C:\Users\james\AppData\Roaming\npm\node_modules\yarn\bin\yarn.js add cookie-parser

PATH: 
  C:\Program Files (x86)\NVIDIA Corporation\PhysX\Common;C:\ProgramData\Oracle\Java\javapath;C:\WINDOWS\system32;C:\WINDOWS;C:\WINDOWS\System32\Wbem;C:\WINDOWS\System32\WindowsPowerShell\v1.0\;C:\Program Files (x86)\ATI Technologies\ATI.ACE\Core-Static;C:\Program Files (x86)\Heroku\bin;C:\Program Files (x86)\git\cmd;C:\Program Files (x86)\Skype\Phone\;C:\Program Files\Git\cmd;C:\Program Files\Genymobile\Genymotion\tools\;C:\Program Files\nodejs\;C:\WINDOWS\System32\OpenSSH\;C:\ProgramData\chocolatey\bin;C:\Users\james\Desktop\protobuf\bin;C:\Users\james\AppData\Local\Programs\Python\Python35\Scripts\;C:\Users\james\AppData\Local\Programs\Python\Python35\;C:\Users\james\AppData\Local\Programs\Python\Python36-32\Scripts;C:\Program Files (x86)\Microsoft VS Code\bin;C:\Program Files\Heroku\bin;C:\Users\james\AppData\Local\Microsoft\WindowsApps;C:\Users\james\AppData\Roaming\npm;C:\adb;C:\Users\james\AppData\Local\Programs\Python\Python37-32\Scripts\;C:\Users\james\AppData\Local\Programs\Python\Python37-32\;C:\Program Files (x86)\Microsoft VS Code\bin;C:\Program Files\Heroku\bin;C:\Users\james\AppData\Local\Microsoft\WindowsApps;C:\Users\james\AppData\Roaming\npm;C:\Users\james\Desktop\protobuf\bin;

Yarn version: 
  1.5.1

Node version: 
  8.11.2

Platform: 
  win32 x64

npm manifest: 
  {
    "name": "jam-socket",
    "version": "1.0.0",
    "description": "Quick JS project",
    "main": "server.js",
    "scripts": {
      "start": "node server.js",
      "test": "echo \"Error: no test specified\" && exit 1"
    },
    "keywords": [
      "node",
      "heroku"
    ],
    "author": "James Lounds",
    "license": "MIT",
    "dependencies": {
      "body-parser": "^1.18.3",
      "express": "^4.16.4",
      "socket.io": "^2.2.0"
    },
    "engines": {
      "node": "4.1.1"
    }
  }

yarn manifest: 
  No manifest

Lockfile: 
  No lockfile

Trace: 
  Error: Found incompatible module
      at new MessageError (C:\Users\james\AppData\Roaming\npm\node_modules\yarn\lib\cli.js:186:110)
      at Object.checkOne (C:\Users\james\AppData\Roaming\npm\node_modules\yarn\lib\cli.js:62444:11)
      at C:\Users\james\AppData\Roaming\npm\node_modules\yarn\lib\cli.js:22773:75
      at Generator.next (<anonymous>)
      at step (C:\Users\james\AppData\Roaming\npm\node_modules\yarn\lib\cli.js:98:30)
      at C:\Users\james\AppData\Roaming\npm\node_modules\yarn\lib\cli.js:116:14
      at new Promise (<anonymous>)
      at new F (C:\Users\james\AppData\Roaming\npm\node_modules\yarn\lib\cli.js:23451:28)
      at C:\Users\james\AppData\Roaming\npm\node_modules\yarn\lib\cli.js:95:12
      at C:\Users\james\AppData\Roaming\npm\node_modules\yarn\lib\cli.js:22777:27
